<?xml version="1.0" encoding="UTF-8"?>
<testsuite name="com.example.project.TestDay1" tests="3" skipped="0" failures="0" errors="0" timestamp="2024-12-18T13:50:56" hostname="codespaces-0358f6" time="0.064">
  <properties/>
  <testcase name="testGenerateElfNameHasValidSuffix()" classname="com.example.project.TestDay1" time="0.041"/>
  <testcase name="testGenerateElfNameThrowsExceptionForEmptyName()" classname="com.example.project.TestDay1" time="0.008"/>
  <testcase name="testGenerateElfNameContainsName()" classname="com.example.project.TestDay1" time="0.006"/>
  <system-out><![CDATA[]]></system-out>
  <system-err><![CDATA[]]></system-err>
</testsuite>
